<?xml version="1.0" encoding="UTF-8"?>
<!-- Generated by org.testng.reporters.JUnitReportReporter -->
<testsuite skipped="0" hostname="HPUSER-PC" name="sampleGITTest.SampleGitTest" tests="1" failures="0" timestamp="16 Jun 2018 05:22:16 GMT" time="24.282" errors="0">
  <testcase name="logintest" time="24.282" classname="sampleGITTest.SampleGitTest"/>
</testsuite> <!-- sampleGITTest.SampleGitTest -->
