<?xml version="1.0" encoding="UTF-8"?>
<!-- Generated by org.testng.reporters.JUnitReportReporter -->
<testsuite name="sampleGITTest.SampleGitTest2" tests="1" time="23.345" ignored="0" failures="0" timestamp="23 Jun 2018 06:07:10 GMT" skipped="0" hostname="HPUSER-PC" errors="0">
  <testcase name="logintest" time="23.345" classname="sampleGITTest.SampleGitTest2"/>
</testsuite> <!-- sampleGITTest.SampleGitTest2 -->
